        -:    0:Source:/Users/logan/Projects/FSKit/Source/FSKIdentityResponse.m
        -:    0:Graph:/Users/logan/Projects/builds/FSKit.build/Coverage/FSKit.build/Objects-normal/ppc/FSKIdentityResponse.gcno
        -:    0:Data:/Users/logan/Projects/builds/FSKit.build/Coverage/FSKit.build/Objects-normal/ppc/FSKIdentityResponse.gcda
        -:    0:Runs:6
        -:    0:Programs:1
        -:    1://
        -:    2://  FSKIdentityResponse.m
        -:    3://  FSKit
        -:    4://
        -:    5://  Created by Logan Allred on 1/27/08.
        -:    6://  Copyright 2008 Logan Allred. All rights reserved.
        -:    7://
        -:    8:
        -:    9:#import "FSKIdentityResponse.h"
        -:   10:
        -:   11:
        -:   12:@implementation FSKIdentityResponse
        -:   13:
        -:   14:- (id)initWithXML:(NSXMLDocument *)theXmlDocument
    #####:   15:{
    #####:   16:    if ((self = [super initWithXML:theXmlDocument]) != nil) 
        -:   17:	{ 
        -:   18:
        -:   19:	}
        -:   20:	
    #####:   21:	return self;	
        -:   22:}
        -:   23:
        -:   24:- (void)dealloc
    #####:   25:{
    #####:   26:	[sessionId release];
    #####:   27:	[super dealloc];
        -:   28:}
        -:   29:
        -:   30:- (NSString *)sessionId
    #####:   31:{
    #####:   32:	if (!sessionId)
        -:   33:	{
    #####:   34:		sessionId = [[[[xmlDocument nodesForXPath:@"//session/@id" error:nil] lastObject] stringValue] retain];
        -:   35:	}
    #####:   36:	return [[sessionId retain] autorelease];
        -:   37:}
        -:   38:
        -:   39:@end
