        -:    0:Source:/Users/logan/Projects/FSKit/Source/FSKAuthoritiesService.m
        -:    0:Graph:/Users/logan/Projects/builds/FSKit.build/Coverage/FSKit.build/Objects-normal/ppc/FSKAuthoritiesService.gcno
        -:    0:Data:/Users/logan/Projects/builds/FSKit.build/Coverage/FSKit.build/Objects-normal/ppc/FSKAuthoritiesService.gcda
        -:    0:Runs:6
        -:    0:Programs:1
        -:    1://
        -:    2://  AuthoritiesService.m
        -:    3://  FSKit
        -:    4://
        -:    5://  Created by Logan Allred on 9/16/07.
        -:    6://  Copyright 2008 Logan Allred. All rights reserved.
        -:    7://
        -:    8:
        -:    9:#import "FSKAuthoritiesService.h"
        -:   10:
        -:   11:NSString * const PLACE_ENDPOINT   = @"place";
        -:   12:NSString * const NAME_ENDPOINT    = @"name";
        -:   13:NSString * const DATE_ENDPOINT    = @"date";
        -:   14:NSString * const CULTURE_ENDPOINT = @"culture";
        -:   15:
        -:   16:@implementation FSKAuthoritiesService
        -:   17:+(FSKAuthoritiesService *)authoritiesServiceWithConnection:(FSKConnection *)connection
    #####:   18:{
    #####:   19:	return [[[FSKAuthoritiesService alloc] initWithConnection:connection] autorelease];
        -:   20:}
        -:   21:
        -:   22:-(id)initWithConnection:(FSKConnection *)familySearchConnection
    #####:   23:{
    #####:   24:	self = [super init];
    #####:   25:	moduleName = @"authorities";
    #####:   26:	versionString = @"v1";
        -:   27:
    #####:   28:	connection = familySearchConnection;
        -:   29:	
    #####:   30:	return self;
        -:   31:}
        -:   32:@end
