        -:    0:Source:/Users/logan/Projects/FSKit/Source/FSKError.m
        -:    0:Graph:/Users/logan/Projects/builds/FSKit.build/Coverage/FSKit.build/Objects-normal/ppc/FSKError.gcno
        -:    0:Data:/Users/logan/Projects/builds/FSKit.build/Coverage/FSKit.build/Objects-normal/ppc/FSKError.gcda
        -:    0:Runs:6
        -:    0:Programs:1
        -:    1://
        -:    2://  FSKError.m
        -:    3://  FSKit
        -:    4://
        -:    5://  Created by Logan Allred on 1/26/08.
        -:    6://  Copyright 2008 Logan Allred. All rights reserved.
        -:    7://
        -:    8:
        -:    9:#import "FSKError.h"
        -:   10:
        -:   11:
        -:   12:@implementation FSKError
        -:   13:
        -:   14:- (id)initWithError:(NSError *)error
    #####:   15:{
    #####:   16:	self = [super initWithDomain:[error domain]	code:[error code] userInfo:[error userInfo]];
        -:   17:	
    #####:   18:	return self;
        -:   19:}
        -:   20:@end
